  Start NQI Hourly Ins 29/12/2016 08:45:01
  --------------------------------------------------------------
  Finish NQI Hourly Ins 29/12/2016 08:47:38
  --------------------------------------------------------------
  Start Tablero NQI Hourly 29/12/2016 08:47:38
  --------------------------------------------------------------
  Finish NQI Hourly Ins 29/12/2016 09:31:56
  --------------------------------------------------------------
  Start Tablero NQI Hourly 29/12/2016 09:31:56
  --------------------------------------------------------------
  Finish NQI Hourly Ins 29/12/2016 09:40:36
  --------------------------------------------------------------
  Start Tablero NQI Hourly 29/12/2016 09:40:36
  --------------------------------------------------------------
  Finish NQI Hourly Ins 29/12/2016 09:48:04
  --------------------------------------------------------------
  Start Tablero NQI Hourly 29/12/2016 09:48:04
  --------------------------------------------------------------
  Finish NQI Hourly Ins 29/12/2016 09:54:41
  --------------------------------------------------------------
  Start Tablero NQI Hourly 29/12/2016 09:54:41
  --------------------------------------------------------------
  Finish NQI Hourly Ins 29/12/2016 10:01:50
  --------------------------------------------------------------
  Start Tablero NQI Hourly 29/12/2016 10:01:50
  --------------------------------------------------------------
  Finish Tablero NQI Hourly  29/12/2016 10:03:05
  --------------------------------------------------------------
